Case 1:
a 13
b 21
c 24
d 27
f 13
g 25
h 16
i 3
j 20
k 11
l 21
m 2
n 14
o 15
q 2
r 12
t 19
u 1
v 18
w 9
x 2
y 23
z 11
contested 4
Case 2:
h 10
j 61
k 98
q 82
u 56
contested 642
Case 3:
a 19
b 15
c 9
d 3
e 5
f 3
g 11
h 5
i 3
j 5
k 11
l 4
o 11
p 1
q 15
r 12
s 9
t 6
u 9
v 17
w 2
x 10
y 10
z 15
contested 195
Case 4:
a 1
t 1
v 1
w 1
y 1
z 1
contested 5
Case 5:
a 2
b 1
d 1
e 1
f 1
j 1
k 1
l 3
n 3
o 1
r 2
s 2
t 1
u 2
v 5
w 2
x 1
z 2
contested 4
Case 6:
a 3
c 1
d 4
f 1
k 4
l 3
n 1
o 1
s 4
t 1
u 1
contested 2
Case 7:
b 6
d 14
e 6
f 10
i 12
j 21
l 11
m 10
n 8
o 2
q 13
r 2
s 7
u 6
v 9
w 3
y 15
contested 198
Case 8:
g 34
k 132
r 156
v 82
x 39
contested 43
Case 9:
a 12
b 18
c 1
d 3
e 2
f 12
g 6
h 24
i 14
j 13
k 7
l 21
m 2
n 5
o 5
p 5
q 18
r 9
s 15
t 8
u 19
v 22
w 5
x 18
y 4
z 17
contested 92
Case 10:
a 88
c 222
m 198
n 234
o 60
r 164
x 116
y 242
contested 131
Case 11:
a 2
b 8
d 5
f 2
g 1
h 1
k 2
l 2
m 2
o 8
r 2
s 3
w 2
contested 7
Case 12:
a 16
c 24
d 13
f 7
j 18
k 32
l 31
m 13
n 7
q 29
r 16
s 6
t 28
v 12
w 12
y 19
z 2
contested 196
Case 13:
g 1
k 1
n 2
u 4
y 2
z 1
contested 1
Case 14:
b 1
d 1
e 3
j 1
k 2
l 2
m 1
p 1
r 1
s 2
u 1
v 1
w 2
y 1
z 3
contested 6
Case 15:
a 6
c 36
d 44
e 15
f 29
g 13
h 20
j 23
k 41
m 48
o 26
p 17
t 1
u 12
v 40
x 4
y 9
z 4
contested 0
Case 16:
a 1
h 1
m 1
w 1
x 1
contested 0
Case 17:
e 8
f 12
k 5
l 4
m 16
n 2
p 10
r 5
s 3
t 5
v 3
w 9
x 1
z 14
contested 107
Case 18:
b 17
c 60
d 28
h 30
j 26
k 25
n 63
p 50
r 16
s 57
t 35
w 24
y 10
z 45
contested 14
Case 19:
d 9
e 2
g 2
i 10
j 8
l 6
n 8
q 1
r 2
t 4
w 8
y 13
contested 34
Case 20:
h 7
j 1
k 5
l 10
m 7
o 9
p 3
r 4
s 4
t 11
u 8
x 3
y 2
z 7
contested 6
Case 21:
a 15
b 3
f 8
g 3
h 17
n 18
r 16
u 8
contested 68
Case 22:
c 1
r 1
contested 3
Case 23:
b 1
i 1
m 1
n 1
q 1
r 1
s 1
contested 0
Case 24:
contested 1
Case 25:
a 14
b 7
c 2
d 3
e 7
f 6
j 4
k 2
l 2
m 3
n 3
q 6
r 2
s 4
v 4
x 7
y 3
contested 46
Case 26:
a 13
d 35
g 30
i 20
j 46
k 25
l 25
t 8
x 14
contested 2
Case 27:
a 1
b 2
c 1
d 1
f 2
g 1
h 3
j 2
m 1
o 4
p 2
q 3
r 5
t 1
w 2
x 4
y 3
contested 12
Case 28:
c 152
k 126
m 17
p 97
v 28
x 15
contested 54
Case 29:
contested 0
Case 30:
a 5
b 4
c 4
e 1
f 4
g 4
h 5
j 1
l 1
n 2
o 1
p 3
q 3
r 5
s 4
t 4
v 3
w 3
x 5
z 3
contested 12
Case 31:
g 188
h 156
i 93
j 81
n 161
o 45
p 126
r 125
u 211
v 194
z 77
contested 0
Case 32:
c 3
f 19
h 2
i 34
m 10
q 40
u 4
x 4
y 35
contested 0
Case 33:
a 22
d 3
f 9
g 16
h 9
i 7
j 2
k 4
l 1
m 8
n 2
s 7
u 11
w 18
x 10
y 17
z 21
contested 86
Case 34:
b 24
d 38
e 13
f 8
k 6
l 14
m 11
o 15
q 27
r 18
s 7
x 45
y 22
contested 126
Case 35:
a 2
j 2
k 1
r 1
x 2
z 1
contested 0
Case 36:
e 3
f 13
h 8
k 1
m 12
n 6
o 16
p 14
q 9
r 10
s 2
u 4
x 13
y 11
z 10
contested 44
Case 37:
a 14
k 51
l 80
m 49
t 29
v 53
contested 22
Case 38:
contested 109
Case 39:
contested 266
Case 40:
a 19
b 31
c 5
d 32
f 25
h 6
i 29
l 29
n 18
p 23
q 55
r 15
t 26
y 7
z 31
contested 36
Case 41:
a 1
b 4
c 11
d 7
e 3
f 11
g 1
i 7
j 8
m 2
o 7
r 15
s 2
t 10
u 17
v 5
x 7
y 8
contested 201
Case 42:
b 6
d 19
f 17
g 19
m 7
n 9
q 9
r 3
s 2
t 13
u 19
v 2
w 8
contested 21
Case 43:
e 1
f 1
h 2
j 1
l 1
p 1
s 1
w 1
x 2
y 2
contested 4
Case 44:
a 10
b 7
c 4
d 1
e 12
f 10
i 9
j 7
o 7
q 1
s 5
t 5
u 6
w 3
x 7
contested 85
Case 45:
a 6
f 8
h 3
i 2
n 20
o 15
p 8
r 16
s 6
t 17
x 25
contested 23
Case 46:
b 10
c 10
d 7
e 10
f 14
g 18
l 22
o 6
p 16
u 1
w 6
y 4
z 14
contested 104
Case 47:
d 119
p 78
t 154
v 59
w 12
x 71
contested 77
Case 48:
d 49
q 88
s 63
u 51
z 28
contested 49
Case 49:
e 52
f 9
m 41
p 37
r 23
y 51
contested 159
Case 50:
a 19
c 9
d 12
e 3
h 12
l 16
o 3
t 3
v 9
contested 49
Case 51:
contested 0
Case 52:
a 2
b 18
c 29
d 15
e 54
f 33
g 53
h 17
i 6
j 44
k 10
m 48
o 2
p 54
q 43
r 10
s 13
t 34
u 64
v 2
w 7
x 28
y 19
z 33
contested 0
Case 53:
b 4
d 7
f 10
l 6
p 4
r 1
u 4
contested 23
Case 54:
c 2
d 3
e 2
g 1
p 3
q 4
r 1
t 2
u 5
v 4
w 6
x 8
z 4
contested 42
Case 55:
b 110
h 104
j 109
k 73
m 118
p 30
u 13
x 56
y 9
contested 120
Case 56:
a 5
e 7
f 2
g 18
h 4
i 5
k 1
m 16
p 6
r 7
s 19
t 4
v 5
w 4
y 7
z 13
contested 226
Case 57:
b 3
f 2
g 3
k 2
p 4
s 5
z 6
contested 1
Case 58:
a 1
n 1
o 1
q 1
r 1
t 2
contested 1
Case 59:
a 15
b 23
c 13
d 10
e 5
f 16
g 18
i 4
j 5
k 20
l 5
m 14
n 13
p 5
q 1
r 4
s 13
t 12
u 5
v 8
x 5
y 5
z 3
contested 1
Case 60:
a 46
b 3
c 6
e 2
f 45
g 15
h 26
i 24
j 44
k 65
l 49
m 8
n 26
o 19
p 21
q 17
r 29
s 17
t 23
u 34
v 6
w 11
x 10
y 5
z 8
contested 472
Case 61:
a 7
j 7
o 16
q 17
v 25
x 35
y 13
z 26
contested 47
Case 62:
contested 0
Case 63:
c 6
e 8
f 26
g 8
h 33
i 1
j 7
k 30
l 8
m 3
n 23
o 37
p 22
q 7
r 6
t 8
v 20
w 2
x 23
y 12
contested 53
Case 64:
a 3
c 7
h 3
l 6
p 3
w 16
y 13
contested 8
Case 65:
d 3
e 4
g 1
h 1
k 2
q 4
r 1
s 5
t 1
x 1
y 1
contested 3
Case 66:
contested 0
Case 67:
contested 6
Case 68:
c 6
f 20
g 54
i 40
l 31
n 17
q 34
r 44
u 11
x 41
y 33
z 13
contested 8
Case 69:
a 35
b 10
d 7
e 32
i 3
j 20
l 18
m 40
n 29
p 11
q 22
s 9
t 35
w 30
x 6
y 18
contested 10
Case 70:
a 3
e 6
g 6
h 8
i 6
j 6
k 9
n 5
r 6
s 8
u 10
x 10
contested 0
Case 71:
contested 0
Case 72:
contested 1
Case 73:
a 13
b 17
c 2
d 7
e 15
f 10
g 12
h 14
i 6
j 6
k 13
l 8
m 10
n 2
p 8
q 5
r 9
s 10
v 5
x 5
y 8
z 9
contested 119
Case 74:
a 35
d 41
e 17
j 19
n 20
p 10
r 31
t 6
u 10
v 21
contested 31
Case 75:
a 11
b 24
c 25
d 32
e 23
g 7
h 33
i 39
j 22
k 21
o 10
p 11
s 17
t 2
u 13
v 5
x 26
y 41
z 4
contested 13
Case 76:
a 10
b 8
c 12
e 17
f 5
g 6
h 18
i 8
l 9
m 9
o 11
p 9
q 10
r 21
s 15
t 4
u 24
v 8
w 15
x 6
y 15
contested 229
Case 77:
a 1
b 15
c 15
d 14
e 7
f 3
g 13
h 6
i 20
j 7
k 17
l 3
m 7
n 14
o 7
p 5
q 3
r 10
s 10
t 8
u 13
v 9
w 6
x 12
y 9
z 7
contested 55
Case 78:
e 3
f 4
h 2
j 1
m 1
o 1
p 4
t 1
u 1
w 4
y 1
z 1
contested 16
Case 79:
h 1
k 1
t 1
contested 0
Case 80:
contested 107
Case 81:
a 2
b 2
c 1
e 2
h 2
i 3
k 2
n 3
p 1
q 3
t 3
w 5
contested 11
Case 82:
a 8
c 6
h 3
k 5
l 3
o 5
p 4
q 6
s 2
t 6
v 1
x 2
y 3
z 2
contested 9
Case 83:
a 15
c 10
d 11
f 10
h 6
k 12
l 14
n 6
o 4
p 5
q 10
r 4
s 12
t 6
v 7
w 6
x 10
y 5
contested 124
Case 84:
h 1
m 1
n 2
q 2
w 4
y 1
contested 5
Case 85:
a 3
e 25
f 42
g 58
i 33
j 11
m 17
o 24
r 13
s 44
t 13
u 57
v 23
y 37
z 30
contested 40
Case 86:
a 6
c 13
d 16
e 17
f 25
h 15
j 9
k 1
l 12
m 6
n 8
o 16
q 17
r 13
s 7
t 7
v 3
w 7
x 4
y 10
contested 37
Case 87:
f 1
r 1
contested 3
Case 88:
b 45
c 29
h 34
j 12
k 6
n 24
p 26
q 15
t 23
u 4
v 37
w 37
z 35
contested 0
Case 89:
a 2
e 2
i 1
l 1
n 2
p 1
r 2
w 3
contested 1
Case 90:
b 4
k 28
n 77
r 44
v 74
w 64
y 12
contested 66
Case 91:
a 9
b 2
c 3
d 10
e 5
f 11
g 12
h 10
i 18
j 1
k 11
l 13
m 5
n 4
o 10
p 9
q 7
r 3
s 7
t 3
u 2
v 5
w 2
y 3
contested 13
Case 92:
a 2
b 1
h 1
j 1
o 1
s 2
w 2
x 2
contested 4
Case 93:
b 2
c 2
d 1
f 7
j 3
l 9
q 2
s 7
w 4
x 6
y 2
contested 5
Case 94:
c 1
d 3
e 3
f 2
g 1
h 1
i 1
m 4
n 2
r 2
s 1
t 4
u 2
v 2
contested 19
Case 95:
contested 1
Case 96:
u 2
contested 0
Case 97:
b 2
o 2
p 2
y 2
contested 0
Case 98:
a 4
e 4
f 3
x 2
contested 9
Case 99:
a 16
c 21
g 21
h 2
i 11
l 24
m 26
s 10
u 5
y 12
contested 192
Case 100:
a 60
b 30
d 13
e 55
f 6
h 18
i 47
j 31
k 50
m 47
p 36
q 19
r 5
s 56
t 20
v 36
x 1
contested 0
