Case 1:
contested 82
Case 2:
a 1
b 1
c 4
d 6
e 6
i 3
j 3
k 1
n 1
o 4
p 1
q 7
s 1
v 1
x 3
y 5
contested 1
Case 3:
a 2
b 2
c 1
d 2
e 1
f 2
g 1
i 3
m 2
n 1
o 2
p 3
w 1
y 4
contested 5
Case 4:
b 11
c 8
d 6
k 17
n 11
o 8
q 9
t 14
u 8
w 1
y 4
contested 0
Case 5:
a 12
b 7
c 13
d 2
e 4
f 3
g 17
h 10
j 5
k 6
l 6
m 11
n 12
o 5
p 7
q 5
s 13
t 13
u 11
v 6
w 3
y 8
z 20
contested 6
Case 6:
c 25
g 21
o 40
s 23
v 47
w 2
contested 39
Case 7:
a 1
b 14
c 8
d 15
e 2
f 18
g 11
i 18
j 2
k 19
l 8
n 9
o 12
p 24
t 16
u 11
v 7
w 20
x 21
y 6
z 17
contested 337
Case 8:
contested 1
Case 9:
a 9
b 19
d 4
e 7
f 8
g 7
h 10
i 13
j 7
k 6
l 19
m 3
n 13
o 2
p 21
q 4
r 2
s 7
t 12
u 16
v 8
x 14
y 16
z 5
contested 65
Case 10:
a 47
c 12
d 36
e 5
f 3
h 41
i 36
j 12
k 35
l 2
n 6
o 25
p 12
q 29
s 7
t 14
u 23
v 10
z 45
contested 181
Case 11:
c 18
d 8
f 25
h 1
i 1
l 23
n 24
o 18
p 3
q 1
r 16
s 7
t 19
u 6
v 8
w 27
x 11
z 11
contested 37
Case 12:
a 2
c 1
e 1
f 1
g 2
m 1
o 1
q 1
r 2
s 1
w 3
x 1
contested 11
Case 13:
a 4
b 1
d 10
e 2
f 4
g 11
h 7
i 8
j 11
k 9
l 10
m 12
n 2
o 2
p 18
q 7
r 4
s 6
t 12
u 14
v 3
w 6
y 8
z 9
contested 13
Case 14:
contested 1
Case 15:
b 15
c 3
d 17
e 13
f 1
i 1
j 26
k 5
m 5
n 18
p 31
q 13
r 28
u 30
v 28
w 24
x 3
z 23
contested 32
Case 16:
c 15
d 16
g 41
k 18
m 12
q 24
t 45
y 17
contested 70
Case 17:
g 167
k 30
l 134
p 145
t 88
u 62
z 78
contested 0
Case 18:
a 2
d 1
g 1
l 1
n 1
o 3
p 1
q 1
s 2
u 1
v 1
x 2
contested 23
Case 19:
b 10
d 4
f 18
i 28
p 22
u 7
v 29
x 41
y 37
z 26
contested 62
Case 20:
a 43
g 34
h 20
i 11
l 41
o 20
p 39
t 20
x 19
y 18
z 13
contested 79
Case 21:
a 3
b 27
c 20
d 17
e 30
f 30
g 15
h 24
i 14
j 3
k 6
l 22
m 34
n 21
o 5
p 24
q 1
r 20
s 2
t 15
u 21
v 17
w 3
x 24
y 35
z 20
contested 76
Case 22:
a 38
d 31
e 14
l 31
n 18
p 15
t 44
u 17
w 57
x 10
contested 32
Case 23:
b 12
c 7
e 24
f 9
g 1
i 59
j 10
l 14
n 21
o 29
p 37
q 2
s 27
t 13
u 51
v 9
w 12
y 27
contested 50
Case 24:
d 10
i 10
j 13
l 8
v 5
z 14
contested 33
Case 25:
a 2
g 2
m 3
s 1
v 1
w 1
contested 1
Case 26:
b 2
e 2
f 2
g 2
h 2
i 2
j 1
k 2
m 1
n 3
o 1
q 1
r 1
u 1
v 1
w 1
x 1
z 2
contested 3
Case 27:
c 41
e 86
f 22
g 50
h 60
i 66
j 100
k 35
l 64
n 14
o 44
p 39
q 77
r 15
s 69
t 53
u 87
v 15
w 30
x 50
y 61
contested 100
Case 28:
a 4
b 7
c 8
d 1
e 3
f 4
g 14
h 2
i 8
j 15
k 11
l 4
m 5
n 9
o 1
p 8
q 9
r 11
s 4
t 9
u 5
v 6
w 9
y 10
z 8
contested 106
Case 29:
g 1
k 1
m 1
n 1
p 1
q 2
z 1
contested 7
Case 30:
c 2
d 1
f 1
g 2
j 3
p 2
q 1
u 1
w 2
x 1
contested 1
Case 31:
a 7
c 4
d 15
e 30
f 38
g 35
h 22
i 13
j 21
l 39
m 4
n 29
o 52
p 3
q 15
s 12
u 31
v 16
x 26
y 9
z 18
contested 119
Case 32:
contested 0
Case 33:
b 3
c 10
h 33
i 10
j 20
k 6
l 32
m 8
n 20
q 22
s 9
t 16
v 3
w 31
x 27
y 8
contested 25
Case 34:
c 1
contested 0
Case 35:
k 1
contested 0
Case 36:
a 15
c 2
e 2
f 8
g 7
h 5
i 1
k 2
m 8
q 11
r 4
u 8
w 9
x 13
y 7
contested 43
Case 37:
c 3
k 1
s 2
v 2
contested 3
Case 38:
a 1
b 1
g 2
q 1
u 1
v 1
x 1
y 1
z 1
contested 2
Case 39:
contested 0
Case 40:
a 7
d 40
e 13
f 19
g 61
h 20
i 47
j 25
k 3
l 30
m 17
n 16
o 18
q 37
r 3
s 32
t 22
u 28
v 19
w 16
x 49
y 34
z 10
contested 0
Case 41:
b 7
c 4
d 3
e 14
f 5
g 3
h 6
i 9
j 7
k 4
l 2
m 7
n 1
o 6
p 8
q 5
r 12
t 4
u 3
v 5
w 5
x 4
y 2
z 4
contested 24
Case 42:
b 1
c 1
f 3
g 5
h 3
i 1
k 4
m 1
n 2
o 3
p 1
q 3
s 1
u 2
w 3
x 2
y 4
z 2
contested 22
Case 43:
a 2
b 34
c 6
d 12
e 4
f 24
g 4
h 6
j 18
k 32
l 19
m 18
n 16
o 8
q 20
r 21
s 17
t 23
u 16
v 8
w 2
x 22
y 31
z 10
contested 201
Case 44:
a 37
c 10
g 64
o 4
q 36
r 21
s 66
t 22
w 11
x 9
z 56
contested 49
Case 45:
a 2
b 5
d 1
f 1
g 5
i 3
j 3
k 2
m 6
n 4
o 5
p 4
q 4
r 4
s 7
t 1
v 2
w 1
x 4
y 7
z 7
contested 3
Case 46:
b 1
c 13
d 17
e 15
f 5
h 9
i 1
k 8
n 8
o 14
r 5
s 18
t 13
u 4
v 10
w 23
x 5
y 17
contested 4
Case 47:
contested 4
Case 48:
a 5
b 3
c 3
d 5
e 1
f 1
g 6
h 6
i 11
j 1
k 11
l 10
m 9
n 1
o 11
p 6
q 1
r 4
s 2
t 10
u 12
v 6
w 9
x 1
y 1
z 10
contested 119
Case 49:
a 1
b 3
e 4
f 3
i 5
j 21
k 3
l 2
m 12
n 13
o 7
r 2
t 5
u 4
v 4
x 3
y 14
z 1
contested 126
Case 50:
a 1
c 2
d 1
k 2
n 1
p 1
q 1
w 1
x 1
y 1
z 1
contested 0
Case 51:
i 1
z 1
contested 1
Case 52:
f 26
g 34
i 71
o 28
s 46
u 9
v 60
w 8
z 27
contested 80
Case 53:
e 4
h 11
k 2
l 4
m 9
q 1
u 1
x 2
contested 17
Case 54:
a 15
d 1
e 7
f 7
h 7
l 9
o 3
q 6
v 15
contested 48
Case 55:
a 1
b 1
c 1
e 1
i 1
j 1
p 1
q 1
t 2
y 1
contested 0
Case 56:
b 1
c 1
f 1
h 1
k 1
l 2
o 1
t 2
v 1
w 3
contested 10
Case 57:
v 1
contested 0
Case 58:
contested 119
Case 59:
a 6
b 18
d 8
e 11
f 16
g 9
h 44
i 38
j 15
l 20
m 28
n 25
o 23
p 17
q 29
r 28
t 11
w 19
x 15
z 3
contested 50
Case 60:
contested 0
Case 61:
c 6
f 7
j 6
l 5
m 1
o 4
t 9
u 5
w 3
x 4
y 6
contested 104
Case 62:
a 8
c 14
d 7
f 1
g 2
h 2
k 11
l 12
m 10
o 1
p 2
q 2
s 5
t 5
v 5
x 6
y 4
contested 53
Case 63:
g 12
h 19
p 11
q 9
u 19
y 9
contested 18
Case 64:
e 2
f 1
m 2
q 1
t 1
contested 0
Case 65:
a 14
c 11
e 14
f 12
k 20
l 16
m 31
o 6
p 17
t 22
u 19
v 14
w 12
x 24
y 6
contested 136
Case 66:
a 13
b 1
c 3
d 7
e 3
g 6
h 10
i 1
k 7
l 6
m 8
n 11
p 11
q 6
r 4
s 10
t 6
u 9
v 4
w 3
y 13
z 1
contested 6
Case 67:
a 19
d 10
g 13
h 11
i 3
j 12
k 13
l 6
m 1
n 13
q 14
u 8
v 12
w 10
x 4
y 9
z 6
contested 44
Case 68:
c 2
d 6
h 1
j 5
k 5
m 1
n 1
p 6
q 4
r 3
s 3
v 1
w 4
y 2
contested 38
Case 69:
a 7
b 8
c 4
d 1
f 7
g 8
h 5
i 2
j 2
k 3
l 2
n 2
o 13
p 9
q 3
r 1
s 2
t 1
u 4
v 12
w 4
x 6
y 3
contested 47
Case 70:
contested 0
Case 71:
c 7
g 8
h 17
j 8
k 16
l 9
m 9
o 6
p 2
q 7
r 6
s 8
u 17
v 3
x 15
y 10
z 7
contested 79
Case 72:
a 389
f 333
h 74
k 124
q 118
t 450
u 30
v 37
w 116
z 207
contested 0
Case 73:
contested 0
Case 74:
a 1
c 1
d 1
f 1
i 2
k 3
r 1
v 1
w 1
z 2
contested 6
Case 75:
a 53
b 44
e 16
f 12
k 67
n 8
o 56
u 29
x 48
contested 192
Case 76:
a 6
b 1
c 7
d 8
e 1
f 2
g 6
h 3
i 4
j 2
k 3
l 7
m 6
o 3
q 2
s 3
t 2
u 2
v 4
w 2
x 1
y 9
contested 24
Case 77:
e 7
i 4
r 3
s 10
contested 10
Case 78:
contested 184
Case 79:
a 10
e 40
g 2
h 28
i 6
l 1
m 23
r 9
x 32
y 8
z 27
contested 71
Case 80:
contested 0
Case 81:
b 17
d 9
f 53
i 25
k 16
l 70
o 28
p 37
q 21
r 20
s 14
t 8
u 27
w 25
z 41
contested 26
Case 82:
contested 3
Case 83:
a 19
b 6
i 7
m 11
o 9
q 5
v 4
x 22
y 1
contested 14
Case 84:
a 56
f 64
i 36
m 8
o 11
r 33
v 20
y 48
z 40
contested 88
Case 85:
a 17
b 7
c 4
d 18
e 26
f 10
g 5
h 18
i 10
j 27
k 13
l 19
m 11
n 6
o 17
p 16
q 11
r 15
s 9
t 2
u 3
v 26
w 8
x 11
y 13
z 20
contested 0
Case 86:
a 20
c 6
e 56
h 60
o 24
r 50
s 47
z 7
contested 47
Case 87:
c 16
e 29
f 26
k 23
o 9
p 5
q 33
r 2
s 24
t 25
u 7
x 16
y 6
contested 58
Case 88:
contested 1
Case 89:
a 2
e 8
g 26
l 7
m 31
n 20
s 13
t 24
v 16
y 32
contested 96
Case 90:
a 7
b 13
c 23
d 27
e 19
h 17
i 21
j 6
k 13
l 16
m 25
n 17
o 11
p 16
q 3
s 27
t 26
u 25
x 5
y 15
contested 299
Case 91:
a 23
b 23
f 4
g 6
i 11
k 22
p 5
v 9
x 16
z 1
contested 70
Case 92:
a 77
b 9
h 83
m 59
n 68
p 52
w 56
y 11
z 22
contested 47
Case 93:
b 10
d 24
j 21
k 18
q 17
v 11
y 22
z 7
contested 44
Case 94:
a 7
c 24
e 3
f 9
g 2
h 15
j 19
k 5
m 15
p 4
q 8
r 9
s 15
t 14
u 3
v 7
w 8
y 2
z 7
contested 78
Case 95:
c 8
e 11
f 10
i 54
j 27
l 11
m 8
n 13
o 43
p 13
q 59
r 16
s 43
t 19
v 35
y 66
z 15
contested 5
Case 96:
a 1
b 4
d 7
e 15
f 4
g 6
h 9
j 2
k 17
n 12
o 3
p 2
q 8
r 8
s 8
t 6
u 2
v 4
w 9
x 6
y 1
z 13
contested 56
Case 97:
b 2
h 8
n 5
p 16
r 18
w 27
contested 35
Case 98:
c 12
e 19
g 4
i 9
j 3
k 17
l 6
m 14
n 18
p 1
s 17
t 19
u 25
v 11
y 12
contested 17
Case 99:
b 1
c 1
i 1
o 1
p 1
s 1
v 1
contested 0
Case 100:
a 96
b 59
c 128
e 169
f 30
i 134
l 48
m 44
s 70
u 37
v 59
w 16
contested 215
