-1
-1
-1
-1
3245
-1
-1
3166
863
8965
-1
-1
7746
9752
-1
-1
2402
-1
-1
-1
-1
4029
-1
-1
4985
166
7403
5607
-1
-1
2460
6568
3577
-1
6416
-1
-1
2483
7137
-1
-1
178
-1
7264
9881
-1
6646
-1
-1
6118
9830
-1
8839
-1
2377
6441
9081
8082
8154
-1
-1
-1
-1
9236
-1
-1
3970
-1
8954
6741
446
-1
-1
-1
-1
7619
-1
-1
-1
-1
1887
-1
2854
8050
-1
8479
-1
-1
2323
9829
7924
-1
-1
-1
-1
5765
272
-1
-1
8307
5308
7912
4925
-1
7775
-1
-1
8563
-1
-1
-1
-1
2455
557
-1
2030
4211
-1
-1
4045
4943
-1
6017
-1
-1
769
-1
-1
-1
-1
8207
5700
7630
-1
5636
-1
-1
5718
-1
9132
-1
-1
-1
3893
7863
-1
7699
-1
1751
9516
5226
6083
4307
-1
2975
-1
-1
-1
-1
1873
6398
-1
8074
463
1108
-1
8200
-1
-1
-1
-1
-1
-1
-1
9988
6269
-1
6779
-1
-1
-1
-1
-1
-1
-1
-1
9933
-1
2322
6895
8184
2941
1232
2305
-1
-1
-1
-1
-1
8162
-1
-1
6547
-1
6399
8364
-1
-1
8046
-1
-1
-1
4381
-1
3028
2251
-1
1990
9366
6485
967
-1
598
-1
5606
3290
-1
3270
381
-1
5166
-1
2273
-1
305
4711
-1
-1
-1
2289
649
-1
-1
2897
-1
4365
-1
2940
5801
4854
1698
-1
722
903
-1
-1
-1
2282
9480
-1
5829
189
-1
-1
-1
-1
6276
2528
-1
9718
-1
197
-1
9370
-1
1638
-1
4646
-1
3452
-1
6898
-1
7674
-1
3095
6722
-1
-1
1272
-1
8643
-1
-1
3779
-1
6372
-1
-1
-1
-1
8248
-1
-1
-1
3796
8098
-1
9
-1
-1
6535
9429
588
-1
1644
-1
4294
8100
-1
-1
-1
-1
2478
-1
-1
2626
4077
5065
6164
-1
-1
-1
-1
5881
-1
826
-1
5899
-1
403
1794
-1
-1
4193
-1
-1
-1
1162
-1
8751
-1
2839
5679
-1
4883
-1
3774
5727
7579
398
-1
7647
4417
1421
9889
6332
-1
3110
8250
5965
4388
-1
6942
3108
1235
3640
-1
-1
-1
3226
5381
-1
2648
-1
-1
7944
-1
2425
3736
6169
-1
-1
9924
5726
-1
9955
6320
-1
8502
4958
-1
-1
-1
260
8827
6026
-1
5012
2116
-1
9295
6214
2722
8810
2019
4512
-1
-1
2646
-1
-1
2664
4699
9385
4662
-1
5988
-1
1180
-1
-1
6198
-1
9051
7271
-1
4690
-1
-1
456
1816
-1
-1
9764
-1
-1
8157
2061
-1
-1
7661
-1
2027
-1
-1
-1
-1
8225
7360
-1
2628
-1
1062
9454
-1
-1
-1
6065
5347
-1
4412
894
-1
-1
3852
-1
3123
3602
5446
-1
-1
1854
-1
7719
2685
6345
-1
-1
-1
-1
2668
3144
9144
-1
-1
4150
152
-1
-1
9000
-1
2376
-1
-1
8006
-1
-1
110
7070
8327
-1
-1
2545
3667
8058
-1
5738
3059
4596
-1
206
2235
-1
-1
9923
-1
462
1686
7934
-1
7076
6015
-1
1356
8804
-1
-1
4802
1189
3679
-1
-1
7580
-1
7346
3855
-1
2022
5730
9270
7442
-1
-1
-1
-1
7123
-1
1485
-1
-1
4640
-1
-1
-1
3614
-1
-1
-1
-1
2917
-1
-1
7021
-1
2414
-1
-1
-1
-1
3382
7605
7391
5042
4606
-1
418
-1
-1
8927
-1
-1
-1
2136
-1
-1
9054
4588
-1
7520
8174
6278
3579
-1
3096
-1
-1
4924
-1
-1
5405
7077
-1
-1
6891
-1
72
-1
8958
9277
6733
-1
2761
-1
7664
2380
9727
-1
7488
-1
452
2394
-1
363
-1
4176
2417
-1
4534
-1
8393
4805
9155
-1
-1
-1
5613
-1
-1
-1
2031
-1
-1
-1
-1
-1
-1
1160
-1
6358
-1
8923
-1
8066
-1
4687
5461
7827
-1
5004
-1
6002
4952
-1
1665
-1
5173
-1
199
-1
3756
9805
5530
7839
8556
9974
5304
-1
-1
9975
-1
9943
-1
-1
-1
8993
2942
-1
4403
-1
-1
1440
7242
-1
1424
-1
-1
-1
5218
-1
-1
-1
4205
5978
-1
-1
7040
5691
-1
1886
2302
-1
5219
4758
1107
6507
-1
531
5998
6529
-1
7570
7578
2193
8834
-1
-1
1607
-1
9510
9944
7995
3500
9363
-1
7786
-1
-1
-1
-1
5117
-1
428
1429
-1
-1
8411
2464
7460
1497
-1
-1
-1
-1
-1
-1
4587
-1
8957
-1
7558
-1
6674
-1
-1
9739
3597
2867
-1
-1
-1
2607
228
1578
679
4547
-1
-1
-1
-1
-1
5008
3043
8316
668
-1
6216
2056
3665
4670
9157
-1
6949
2091
2967
8402
39
3998
-1
8613
-1
1706
4042
4274
8111
6252
5849
7553
-1
6191
-1
-1
7493
-1
1913
7785
-1
9883
688
-1
-1
4119
9520
4326
-1
7968
-1
5490
1204
5084
-1
-1
-1
609
5736
-1
8043
-1
-1
5345
3398
3766
-1
-1
-1
-1
4723
-1
3760
-1
8781
5833
1511
-1
1833
-1
5048
7023
4049
6100
969
-1
4796
4432
-1
-1
-1
9013
3887
201
-1
-1
8554
74
5482
5821
-1
8084
-1
8754
5498
1146
-1
-1
-1
-1
-1
-1
1692
5555
5439
377
7518
-1
9535
7917
-1
-1
171
-1
-1
8141
8725
4669
-1
-1
-1
-1
8604
5932
1625
8443
2432
8485
1101
-1
4658
1217
-1
2491
-1
7903
-1
3540
9544
9744
5842
-1
-1
-1
-1
8128
-1
6290
8565
3017
-1
7034
346
6873
5656
7940
-1
-1
2971
-1
4202
-1
-1
9149
5889
-1
4778
-1
-1
-1
9707
-1
1656
6780
134
-1
-1
9336
3380
-1
-1
7837
705
-1
-1
6776
7515
1194
914
5508
-1
859
-1
-1
-1
9151
3141
6575
-1
9751
6172
211
5136
-1
741
1151
4692
1544
687
-1
4694
-1
7544
-1
-1
-1
-1
9171
5011
3004
1630
4976
8738
-1
4650
-1
-1
3502
3593
9230
654
-1
4504
-1
-1
-1
1987
-1
3563
6728
-1
6230
-1
-1
3810
-1
9339
296
-1
-1
-1
8044
-1
444
-1
2461
-1
9908
-1
678
-1
-1
1867
1882
-1
-1
-1
6273
4174
9193
9203
6347
9734
-1
-1
4386
-1
230
9122
4260
6816
-1
554
6908
-1
-1
3663
526
-1
6361
-1
-1
6188
9361
5464
-1
5478
5580
2312
7805
-1
-1
-1
5029
57
5939
3073
-1
2694
9747
9197
5713
-1
-1
7010
-1
7322
-1
-1
-1
1309
6565
8324
7194
5742
4110
7559
6166
-1
93
487
-1
-1
-1
-1
-1
8397
-1
6314
1651
7130
1559
-1
2673
-1
-1
2063
8789
3898
-1
1444
341
8486
2509
-1
7780
-1
-1
96
8332
-1
-1
-1
4448
345
2517
2709
3737
2640
-1
8370
-1
-1
-1
8736
3050
-1
6218
864
-1
9590
8569
8684
-1
-1
-1
3764
-1
-1
-1
-1
-1
7093
1920
6143
4641
6159
9111
304
1008
3355
-1
5481
-1
9605
7508
-1
-1
-1
528
8555
1435
-1
3074
906
-1
-1
9137
-1
4549
-1
-1
3738
-1
-1
-1
3847
-1
7095
4100
1747
6482
-1
1192
2753
4810
-1
-1
-1
-1
-1
-1
5623
-1
-1
-1
-1
-1
-1
-1
-1
2502
-1
3656
-1
1632
-1
1509
7600
-1
3103
3189
5366
4322
6520
2541
1556
4496
-1
4065
4028
8582
-1
9040
2444
-1
1620
4368
4794
-1
-1
-1
2215
-1
-1
-1
6586
-1
-1
9810
3536
-1
-1
545
2320
-1
-1
2700
-1
-1
-1
1851
3628
-1
802
8999
7667
5592
-1
-1
-1
9006
-1
2549
-1
4422
-1
-1
-1
6799
-1
2072
-1
-1
1331
-1
9828
-1
340
7858
-1
5584
-1
-1
-1
-1
4182
8797
-1
-1
6924
5108
2755
-1
1110
-1
-1
8456
5127
-1
4935
-1
9014
5716
-1
-1
6497
2653
675
5864
-1
9660
-1
-1
-1
-1
7868
-1
-1
-1
637
-1
1681
-1
240
-1
-1
-1
8165
-1
2379
67
7767
5293
6783
-1
-1
6678
-1
-1
8149
-1
9837
30
5141
-1
-1
6527
-1
9065
4183
-1
8499
7717
3558
2740
-1
8229
-1
7136
803
-1
-1
5808
7769
-1
9730
9970
3210
3743
2582
3106
775
9614
-1
509
9299
9253
6138
-1
-1
508
2903
6656
-1
-1
-1
8198
-1
-1
9644
-1
5597
-1
-1
3233
-1
-1
6405
-1
-1
6417
-1
1234
-1
6215
2990
-1
-1
-1
4237
6967
-1
321
3651
-1
-1
-1
6724
-1
-1
9553
2080
-1
-1
-1
-1
6754
-1
-1
-1
4754
8186
-1
887
9800
113
-1
-1
-1
-1
-1
-1
-1
-1
6601
-1
-1
-1
7668
-1
-1
-1
3517
-1
-1
-1
-1
9915
-1
1592
5323
6808
-1
-1
6162
-1
-1
-1
-1
-1
-1
-1
-1
-1
-1
8412
-1
-1
3582
9897
-1
-1
2762
-1
-1
-1
-1
-1
8299
-1
4027
6641
-1
4109
6377
-1
-1
2274
-1
-1
961
-1
3181
-1
-1
-1
-1
8510
-1
2283
9181
-1
8902
-1
5158
7573
-1
-1
-1
9063
-1
-1
-1
-1
2004
1098
-1
-1
1418
-1
6251
4889
-1
-1
-1
-1
9778
3105
6134
-1
6585
-1
-1
-1
8826
-1
2015
4098
2869
-1
-1
-1
-1
1139
-1
7736
6701
-1
-1
-1
9440
5465
-1
6152
-1
6767
-1
-1
6354
-1
4886
2765
-1
3548
3330
4213
-1
-1
8814
1266
689
-1
-1
-1
2570
-1
2070
1350
-1
-1
-1
7503
7966
-1
8639
8858
1492
3414
4054
-1
-1
-1
-1
7436
7708
-1
8981
4353
3278
-1
2809
7035
8163
3891
-1
-1
2926
-1
-1
-1
-1
-1
8945
5088
5183
4239
-1
-1
8854
-1
-1
7186
4950
-1
-1
-1
-1
-1
-1
-1
186
5697
-1
-1
7759
-1
-1
-1
1694
7450
-1
-1
-1
-1
-1
-1
4701
6582
5168
-1
6229
-1
776
-1
-1
-1
7817
6605
-1
-1
-1
-1
-1
198
-1
4852
8245
-1
-1
-1
2918
4223
2830
-1
-1
6196
9466
-1
2166
2188
-1
6369
7870
4937
9784
-1
2059
7840
9020
-1
-1
2937
4558
966
-1
-1
951
4269
814
1552
3475
-1
-1
7479
-1
1504
355
-1
-1
7695
-1
-1
-1
3605
-1
9547
1231
-1
-1
-1
-1
-1
7067
2164
8305
7806
-1
1596
9615
-1
-1
6071
-1
6222
4795
9254
-1
-1
-1
4951
-1
147
-1
-1
-1
6885
-1
-1
-1
9493
-1
-1
6673
-1
-1
-1
-1
2128
3470
8417
-1
-1
9884
-1
-1
5091
-1
-1
-1
-1
3591
-1
1061
9517
439
-1
6211
-1
6764
5000
-1
-1
-1
-1
-1
-1
-1
1223
534
137
936
-1
4229
2002
3672
-1
-1
8562
-1
2992
-1
-1
1220
-1
4704
6909
-1
-1
-1
6321
-1
-1
247
1026
2308
5149
996
2423
7143
5786
-1
621
-1
-1
3437
-1
-1
8594
-1
-1
-1
-1
5196
6513
-1
7521
-1
-1
8824
5319
-1
2566
-1
3287
-1
8973
-1
437
1563
-1
1228
2622
5893
3407
7452
-1
328
9803
6570
8256
-1
-1
-1
-1
9484
587
-1
6158
-1
34
4871
8465
2866
-1
-1
-1
-1
-1
5971
7431
-1
-1
-1
-1
-1
6635
4535
-1
-1
-1
-1
1624
-1
7124
6105
-1
-1
3724
816
-1
7795
-1
7575
583
-1
-1
5903
-1
570
2324
9711
-1
6886
5877
-1
5256
6440
-1
7577
-1
227
-1
9930
-1
-1
8277
-1
1209
-1
-1
-1
7030
2583
-1
6900
3668
-1
2808
-1
8325
2499
-1
3082
-1
3172
8607
7572
9639
-1
3678
-1
-1
-1
-1
-1
70
6746
-1
5723
4738
-1
-1
4725
-1
-1
-1
7675
-1
8026
-1
-1
208
-1
-1
-1
-1
3883
-1
8125
-1
3230
684
8776
-1
-1
1903
4928
3739
-1
-1
-1
2416
-1
-1
-1
7463
-1
7985
4849
6769
-1
-1
3286
4298
7646
5670
-1
-1
-1
-1
9799
-1
-1
7624
-1
5192
7486
7658
2117
8431
6542
-1
8566
-1
366
-1
-1
8172
-1
9868
2477
-1
-1
-1
-1
-1
-1
2734
-1
8919
1279
8583
1119
-1
-1
2074
7006
7303
3574
-1
5185
4714
-1
401
8259
5686
-1
2532
1271
2286
-1
-1
-1
7171
5570
8343
-1
11
-1
1606
-1
-1
-1
9743
6490
8418
1853
773
-1
-1
5018
-1
9625
-1
1516
3809
-1
5701
-1
4656
-1
4175
-1
5317
-1
-1
-1
-1
4702
8346
-1
-1
-1
9101
-1
41
5392
9656
4905
6144
6541
-1
3391
4034
176
5134
-1
4495
-1
8775
-1
4847
9692
-1
-1
3198
1329
6956
4892
7088
-1
6822
7808
-1
-1
4012
-1
-1
5778
-1
-1
-1
4107
-1
6659
9139
7884
-1
7899
3135
-1
7458
2767
-1
-1
9100
6839
1940
4083
-1
-1
-1
-1
-1
761
-1
-1
-1
5227
3155
-1
6538
-1
-1
-1
7310
6450
-1
9928
3938
8792
-1
-1
-1
6149
8856
2092
-1
4033
23
-1
7740
2358
8072
-1
-1
1130
-1
2714
2287
413
3131
-1
9577
3936
-1
8879
5671
-1
-1
-1
3888
-1
-1
-1
-1
-1
-1
8177
-1
2206
82
-1
-1
1471
-1
-1
-1
5830
-1
-1
-1
5068
1611
6307
-1
-1
1587
-1
-1
2385
-1
5661
-1
4788
1393
-1
-1
4726
3436
-1
1633
-1
4814
-1
1342
7082
-1
3890
-1
2782
2052
-1
4126
3527
4300
6124
-1
3859
2811
-1
279
-1
9882
2613
-1
9470
-1
-1
-1
6614
-1
-1
-1
6844
5967
-1
5782
-1
-1
-1
-1
-1
-1
-1
3126
4108
4321
8314
-1
3823
2895
-1
483
-1
2436
2403
1003
7414
-1
9208
-1
-1
6125
-1
1197
3932
-1
1361
3713
9160
-1
-1
7073
4691
-1
35
-1
2178
5963
8415
-1
-1
-1
6073
-1
-1
7705
-1
-1
2976
9161
7258
3097
253
1490
9982
-1
3376
435
6941
4844
-1
-1
-1
2966
3568
-1
-1
-1
-1
-1
2176
-1
626
-1
8696
1184
438
9123
7725
-1
3259
-1
2510
-1
-1
-1
1359
-1
-1
3222
-1
-1
1518
-1
1225
9597
-1
-1
-1
5989
1876
6262
735
9090
-1
3209
-1
-1
-1
1045
-1
-1
-1
4672
1712
-1
6203
-1
4583
-1
1699
-1
8355
-1
-1
-1
4651
-1
-1
-1
-1
6351
-1
-1
8755
-1
-1
-1
-1
4331
9895
-1
644
-1
7113
-1
7331
-1
-1
7484
1942
9969
-1
-1
4713
-1
1742
-1
719
3190
-1
-1
-1
8946
3308
7198
3965
-1
-1
-1
-1
-1
-1
7019
9957
572
-1
-1
6903
-1
4186
-1
-1
-1
3175
7125
-1
-1
-1
-1
-1
7083
6119
-1
3228
-1
-1
8795
-1
7429
4551
-1
7247
4087
2466
-1
1255
-1
8685
3001
-1
-1
910
7602
7755
-1
-1
281
2614
-1
8876
5109
6411
8898
5132
1202
-1
-1
6998
-1
-1
-1
-1
7973
-1
1142
-1
-1
1926
-1
-1
8104
-1
6001
3589
-1
3350
7169
-1
-1
-1
8719
-1
400
-1
-1
-1
-1
6867
9222
7483
-1
2905
8389
7581
-1
-1
-1
5249
-1
9147
1691
6500
7366
6834
-1
-1
5019
-1
5777
100
-1
-1
-1
853
8169
602
8811
-1
3471
-1
9085
891
387
9105
-1
-1
1031
8963
2078
3415
9214
-1
2194
5506
4062
-1
5905
7103
4839
-1
3262
6882
5683
958
9427
-1
-1
7514
8880
9936
3137
-1
520
5644
5546
-1
8906
3366
4364
5687
5348
3702
-1
-1
-1
-1
-1
222
2277
-1
1143
-1
4926
3584
47
-1
-1
2103
-1
-1
901
2913
-1
-1
-1
6048
1443
8288
-1
3363
9146
2131
-1
-1
-1
6985
6277
7132
7251
3530
-1
7671
-1
3869
5874
4189
-1
6616
3468
920
-1
2089
2064
5986
-1
-1
-1
-1
7929
2957
8592
5339
-1
2589
-1
354
-1
1850
8452
-1
2812
364
8416
-1
-1
-1
4872
-1
-1
-1
-1
-1
-1
-1
8713
9264
-1
-1
1088
-1
-1
8194
2075
-1
-1
1723
1701
319
1036
5021
-1
4867
-1
-1
956
1904
-1
-1
-1
759
4424
-1
-1
5237
1245
-1
8837
-1
3966
-1
-1
-1
9453
1068
7576
727
7117
2637
-1
-1
-1
1952
-1
9112
-1
-1
330
-1
-1
451
-1
6341
4423
-1
-1
-1
6202
-1
9646
1257
-1
-1
318
-1
3871
-1
3085
4358
-1
9241
4160
8862
1183
-1
-1
-1
-1
6467
2121
-1
-1
8081
-1
-1
-1
4590
1992
1865
-1
5856
1140
8813
3824
4594
5162
-1
876
5591
-1
-1
-1
3153
6864
5962
-1
-1
2924
141
-1
720
8166
9209
-1
2484
3443
6082
7156
-1
8503
-1
2398
-1
-1
8780
9892
-1
3762
6315
-1
-1
9572
1857
-1
-1
5169
-1
-1
9462
-1
4627
202
-1
2395
-1
-1
-1
-1
-1
6933
-1
-1
5642
-1
-1
4072
-1
-1
-1
-1
6644
2343
-1
-1
-1
-1
4102
-1
-1
3162
1826
1531
-1
-1
-1
-1
4427
3933
-1
-1
-1
-1
3675
663
5050
-1
5806
-1
-1
-1
-1
8115
6104
-1
-1
-1
1634
-1
-1
-1
-1
-1
743
-1
4230
604
-1
-1
4249
-1
-1
-1
983
-1
-1
1023
5590
2915
-1
-1
-1
-1
-1
9444
7893
-1
-1
-1
1472
5193
-1
-1
-1
6748
7265
6735
-1
-1
-1
-1
4960
-1
-1
-1
4252
8761
5752
-1
2247
-1
5984
-1
3159
2093
3326
1482
-1
-1
7111
3872
7942
6403
7437
-1
5194
-1
5357
-1
-1
-1
3109
-1
2744
5703
2546
-1
-1
-1
-1
-1
-1
-1
9038
8900
-1
8114
-1
578
3460
6157
4284
4653
-1
1562
3032
-1
-1
-1
984
5472
3070
6525
-1
1753
-1
1307
-1
9103
1029
724
6930
783
-1
-1
7571
-1
-1
568
-1
4314
-1
-1
-1
-1
3650
3377
3301
9965
1581
-1
6044
-1
-1
-1
1932
3719
2352
3300
-1
3151
-1
-1
-1
4727
-1
-1
-1
-1
-1
-1
4663
-1
4248
2715
8509
-1
-1
6698
2268
-1
4058
3092
-1
-1
2928
1902
6606
7819
467
-1
4129
2578
-1
7371
-1
790
1684
7213
3451
1697
9206
-1
-1
2536
-1
-1
-1
4573
-1
-1
797
3844
-1
-1
9984
624
-1
1792
-1
7224
5917
-1
9931
7849
7983
-1
6837
6685
-1
-1
-1
-1
-1
-1
4006
9492
-1
4015
-1
1408
8464
7776
7956
1395
3808
-1
6936
8525
9196
2735
5337
108
8297
-1
-1
-1
7996
-1
-1
-1
-1
-1
193
-1
-1
-1
-1
-1
-1
-1
-1
-1
-1
-1
4296
4231
9681
-1
4262
-1
4545
-1
1117
2350
-1
-1
9474
-1
9507
-1
-1
4489
9608
-1
2264
-1
1981
6736
-1
7394
-1
-1
7864
9678
8836
-1
4836
6680
-1
4101
-1
6154
9990
-1
-1
2787
-1
-1
-1
9169
1011
-1
4291
787
636
-1
4348
-1
-1
9661
7370
5641
-1
-1
6424
3983
-1
-1
-1
3787
-1
-1
732
-1
-1
-1
1104
-1
-1
-1
8567
-1
5377
-1
5705
-1
-1
1545
-1
3337
6977
1179
-1
-1
4779
3942
-1
-1
-1
5635
1169
-1
3976
269
-1
-1
-1
9260
-1
-1
2345
2739
1078
-1
5160
-1
2783
-1
3611
1479
6704
-1
-1
3117
-1
9601
-1
6784
-1
3767
-1
-1
-1
9465
-1
-1
1336
-1
-1
1939
-1
4470
-1
-1
-1
5750
770
-1
4696
-1
1798
484
1542
-1
-1
-1
-1
3565
8381
422
-1
7110
4234
-1
-1
-1
188
-1
-1
-1
-1
8160
-1
-1
9388
-1
-1
1345
8662
-1
-1
-1
-1
6111
9028
-1
-1
801
-1
2216
-1
1834
9934
-1
-1
-1
-1
-1
-1
4877
4055
749
4685
-1
3264
-1
-1
8528
5024
8373
131
-1
5793
6750
98
-1
-1
-1
-1
9742
2507
-1
8787
-1
4064
-1
7818
-1
3448
-1
-1
5306
8524
3608
843
-1
7900
-1
-1
878
960
-1
-1
4636
-1
3087
-1
2347
9381
5376
-1
6912
-1
-1
1337
-1
9491
-1
3244
-1
-1
3323
5536
9022
8673
7380
-1
7243
-1
-1
-1
235
7748
6058
-1
1129
9746
8264
-1
-1
9402
-1
-1
2973
1486
-1
1621
5692
-1
6474
-1
5501
-1
2580
8538
8444
-1
8717
-1
3486
-1
-1
5947
-1
-1
-1
-1
9756
7416
238
8434
2319
1921
-1
-1
-1
-1
3021
-1
3033
3367
-1
-1
2552
4771
-1
5884
-1
2280
-1
-1
-1
6238
830
92
-1
6640
7297
-1
-1
6221
9026
3094
2833
-1
-1
8608
4682
882
-1
-1
1767
-1
1275
-1
5280
-1
-1
3484
3974
7072
-1
-1
9655
6666
-1
511
-1
4292
1710
5052
-1
-1
-1
3273
-1
14
-1
3825
-1
9890
-1
58
335
8122
-1
9459
7847
-1
-1
-1
4772
-1
6739
5401
3854
-1
-1
793
1766
6794
1527
2327
2649
-1
-1
8366
-1
-1
1484
9591
-1
840
-1
-1
-1
-1
8850
6634
-1
-1
2488
-1
-1
7626
-1
7829
6668
7053
3388
-1
-1
-1
2737
597
9345
-1
3956
-1
-1
232
-1
-1
6809
5240
2998
-1
-1
-1
-1
-1
-1
3533
-1
225
8092
226
-1
-1
217
-1
-1
-1
-1
9700
7306
5672
-1
4361
-1
-1
4790
1628
-1
4373
5992
9760
4356
9224
-1
-1
3728
2636
8405
9986
4734
-1
-1
-1
9091
9088
1387
-1
4957
460
3312
-1
-1
9917
8726
915
-1
-1
8404
8772
343
3341
-1
2518
8023
795
-1
819
143
-1
2082
592
-1
9945
-1
3304
4565
-1
-1
-1
-1
-1
7085
-1
-1
7712
8859
-1
-1
-1
6179
-1
-1
-1
-1
5399
5649
-1
-1
-1
1784
-1
-1
1985
-1
2900
-1
7538
-1
-1
8920
1728
-1
-1
7161
-1
-1
9019
-1
-1
-1
-1
-1
7038
7962
1315
-1
-1
2555
-1
-1
6515
-1
-1
-1
-1
-1
6973
1575
5351
6224
6533
-1
86
-1
-1
-1
7807
-1
-1
-1
-1
-1
8519
5116
8769
3649
6639
-1
-1
4282
-1
-1
-1
7102
129
6901
-1
5203
6611
-1
-1
1375
2896
5157
-1
-1
5039
-1
-1
3612
-1
1864
-1
2182
3516
692
-1
-1
-1
-1
3915
2508
-1
-1
-1
5373
6254
3316
1154
4329
3282
-1
-1
5525
7765
-1
-1
6431
-1
2716
9291
-1
6840
9773
8425
-1
-1
-1
-1
-1
-1
-1
-1
5573
458
1661
-1
-1
8291
3590
-1
-1
-1
1295
-1
4038
-1
5275
5569
-1
4334
-1
-1
3339
-1
-1
1842
-1
-1
5551
6974
9094
1317
4082
1414
-1
-1
3853
-1
2412
6650
6496
-1
4910
-1
-1
7683
4499
7196
-1
6802
-1
559
4620
-1
9653
-1
8384
6244
-1
5820
-1
-1
-1
3463
-1
9394
-1
4511
3635
-1
8009
9668
8682
5343
-1
329
-1
4920
-1
5763
273
-1
2952
-1
4755
-1
-1
765
-1
7197
-1
3083
-1
-1
-1
-1
764
-1
-1
156
-1
-1
-1
-1
-1
-1
-1
5511
8819
-1
-1
-1
2772
6865
9322
4894
-1
-1
2955
9268
-1
-1
-1
-1
45
-1
8690
7187
3864
-1
-1
4010
4916
3494
-1
-1
4332
5292
-1
-1
-1
-1
-1
2568
7241
-1
-1
-1
-1
-1
9164
-1
5658
9993
7061
-1
-1
-1
5855
-1
-1
-1
9496
-1
2828
7611
-1
-1
3261
-1
-1
-1
-1
8024
7649
706
-1
8652
6488
3285
5057
2454
6919
3523
1828
-1
-1
-1
3397
-1
-1
6860
-1
106
-1
2574
7091
5417
101
-1
8820
107
2939
-1
-1
3927
-1
-1
6983
-1
-1
-1
-1
1219
4762
6872
-1
-1
-1
9995
6429
7911
2779
-1
-1
6871
-1
-1
-1
2147
-1
-1
-1
-1
5502
-1
6074
5028
-1
-1
9221
7609
-1
4389
6240
-1
-1
5086
767
1916
-1
1555
2647
6628
-1
5744
-1
-1
5043
-1
-1
5904
-1
-1
2559
-1
9708
7783
7880
-1
5159
-1
-1
-1
-1
1637
5416
6819
-1
-1
8633
-1
4390
-1
425
-1
-1
533
-1
-1
-1
6692
-1
9568
-1
6140
-1
9844
9502
8589
-1
-1
8788
2848
-1
1252
-1
5624
-1
-1
3508
-1
-1
6413
7261
6591
-1
-1
9286
-1
-1
-1
6787
8620
-1
6009
-1
4016
-1
2313
6016
-1
-1
1895
-1
8473
-1
-1
4615
7408
-1
-1
5266
6584
6761
-1
-1
9201
8436
-1
-1
-1
-1
-1
584
-1
-1
-1
473
-1
6689
-1
1565
-1
1564
3014
-1
-1
9215
-1
-1
9801
311
-1
4981
-1
1495
6340
691
-1
-1
-1
3090
6288
3438
7595
-1
-1
-1
-1
-1
274
5341
-1
-1
950
8139
1891
5047
7423
8124
6025
-1
9296
2406
-1
-1
-1
6120
763
2172
2500
7744
6988
2213
1831
2934
5728
-1
-1
9635
5248
-1
1707
6186
-1
-1
5121
4491
-1
-1
-1
-1
9104
8628
3379
3694
-1
9864
-1
-1
-1
4214
7947
6316
1035
5559
8727
8881
-1
1845
3246
-1
-1
4683
9129
7150
5566
-1
6022
-1
6879
4652
-1
-1
9584
-1
-1
-1
1812
5816
-1
8105
2224
3686
-1
8232
9087
-1
-1
1379
-1
1018
6448
8864
5195
-1
-1
707
5054
-1
-1
-1
8580
7707
-1
-1
-1
8910
-1
250
1554
6530
9011
5751
-1
4866
8800
2367
-1
-1
2179
4797
-1
2386
9519
-1
-1
-1
-1
1825
-1
1642
-1
702
-1
2304
-1
-1
3410
-1
-1
2515
-1
9435
8493
3170
-1
-1
-1
6587
-1
-1
3601
-1
-1
-1
1641
3735
-1
4181
-1
3947
1780
-1
-1
9705
-1
-1
-1
-1
4995
8944
7627
-1
-1
-1
-1
-1
-1
-1
-1
6195
-1
8596
1558
3792
1165
-1
-1
7008
8536
-1
7148
-1
8191
2632
-1
8387
-1
4280
-1
-1
-1
3265
6514
9415
6869
7608
-1
4609
-1
1333
3357
638
7969
-1
-1
-1
6747
7644
8147
-1
-1
8710
8831
-1
-1
-1
-1
103
-1
-1
474
-1
-1
-1
-1
8730
5236
9357
-1
-1
-1
5547
-1
-1
3099
-1
-1
-1
-1
5487
777
9556
5898
2384
-1
302
-1
-1
-1
5931
9433
-1
-1
-1
7676
-1
-1
6603
-1
6309
-1
1566
6937
-1
2044
-1
1208
145
5285
7176
2526
3907
1043
1530
-1
-1
2396
3373
7411
-1
6651
-1
-1
-1
-1
-1
6713
-1
7984
8516
-1
-1
-1
5394
7537
581
-1
-1
-1
-1
6418
-1
-1
7673
-1
5453
3416
-1
686
3224
-1
9896
-1
-1
1613
-1
9486
6062
-1
-1
4009
-1
-1
-1
-1
2631
1091
2346
4567
8802
-1
-1
-1
-1
-1
1081
955
7620
-1
9980
7066
9638
-1
-1
-1
-1
6818
2434
-1
6246
1386
-1
-1
-1
7386
-1
-1
2705
-1
-1
-1
4984
-1
1809
5550
6286
5456
7886
-1
-1
-1
-1
-1
6337
-1
1063
565
-1
4056
-1
2932
-1
-1
9953
3371
-1
7892
10
7902
-1
-1
9786
9816
-1
-1
-1
4376
2620
4831
547
1196
-1
498
7976
-1
9695
2294
-1
-1
-1
2587
-1
6279
-1
-1
-1
-1
-1
4732
-1
-1
-1
-1
-1
1343
9364
-1
5655
2625
2881
-1
-1
5721
-1
389
-1
-1
5568
4067
6622
8175
-1
9018
-1
3547
-1
5605
5433
4724
-1
-1
6805
-1
1647
5928
-1
9550
-1
4946
-1
-1
-1
9300
6103
3039
-1
-1
-1
-1
-1
9079
-1
-1
-1
-1
-1
-1
-1
215
7505
-1
-1
-1
599
-1
1759
-1
-1
-1
-1
-1
1456
713
-1
9130
9233
-1
-1
-1
778
4099
8967
4093
-1
-1
-1
-1
-1
-1
4598
-1
4066
2400
3704
5528
3742
7797
516
-1
7779
7960
-1
-1
-1
-1
7054
5089
1377
-1
-1
2655
-1
4770
6793
-1
-1
8873
8618
-1
-1
3402
-1
-1
2817
-1
3174
5598
-1
-1
-1
4562
-1
2132
-1
6293
-1
-1
6723
-1
6126
1988
-1
-1
-1
-1
-1
2838
-1
-1
9251
-1
1305
7455
5269
5526
-1
8398
3989
5695
-1
-1
-1
1082
5545
51
-1
-1
-1
-1
-1
-1
6068
3670
-1
8716
3595
7051
617
-1
-1
9723
-1
9532
-1
7670
-1
-1
209
7045
-1
6435
3900
-1
-1
9842
8571
-1
6861
-1
-1
-1
-1
7438
81
5261
-1
-1
739
-1
-1
3152
-1
-1
9158
-1
3061
-1
-1
-1
-1
7548
-1
7104
9303
-1
3248
-1
-1
-1
7641
5083
7891
1133
-1
-1
-1
-1
1416
-1
2145
-1
-1
7372
212
-1
-1
-1
-1
-1
-1
-1
9649
-1
4896
9499
3538
3465
-1
7820
6226
-1
1734
7369
7922
1546
9062
9910
3327
1244
7139
8647
6954
-1
146
1124
-1
7374
8744
8924
-1
1843
-1
7763
-1
-1
-1
-1
4079
-1
-1
-1
-1
-1
8914
77
-1
1174
614
1676
-1
7631
-1
-1
-1
8196
4117
-1
5148
7539
532
-1
1945
5711
-1
-1
-1
9774
-1
1883
-1
-1
6765
-1
8148
-1
7704
9107
-1
-1
3596
-1
-1
2311
3732
-1
-1
8121
-1
6676
-1
4585
-1
6978
-1
-1
5970
-1
921
3384
6090
-1
-1
5033
-1
289
540
6536
-1
9659
6523
4597
8152
-1
-1
5911
448
-1
-1
1600
1144
-1
-1
6593
-1
-1
8292
-1
-1
-1
-1
3994
-1
1602
2514
-1
-1
386
-1
-1
4516
-1
-1
-1
-1
-1
1627
-1
352
-1
-1
7177
4250
9424
8227
-1
3867
2062
-1
-1
-1
3024
8705
6637
221
-1
5832
6972
658
-1
-1
-1
-1
-1
-1
9575
-1
-1
4303
9354
-1
-1
-1
-1
3633
5354
6833
3128
9059
-1
3772
-1
5090
-1
-1
-1
-1
-1
1113
359
1703
-1
-1
8489
-1
-1
1022
-1
-1
2644
2090
-1
2426
4328
8341
-1
-1
-1
8974
-1
-1
8334
-1
-1
-1
3992
-1
2446
4440
8181
-1
-1
9252
-1
-1
-1
7302
-1
-1
9921
-1
-1
-1
-1
1715
-1
-1
1415
2645
-1
4362
-1
396
5469
8522
1892
5657
8338
-1
-1
7598
9673
4927
-1
-1
-1
8657
8591
4094
2758
-1
-1
5215
8329
3112
-1
3040
3182
-1
8037
-1
2005
-1
-1
-1
944
-1
-1
151
-1
-1
5762
3783
5731
-1
7166
5780
-1
-1
-1
9377
-1
-1
3782
-1
8742
-1
3721
5468
-1
3559
6615
-1
7519
4349
-1
-1
-1
8278
-1
-1
1363
-1
-1
-1
-1
3901
6556
9142
-1
-1
-1
-1
9008
-1
-1
7855
9475
3396
-1
4622
2404
1284
-1
-1
8703
-1
2066
1019
-1
2475
1662
-1
266
-1
-1
6029
-1
-1
-1
5459
-1
-1
-1
1783
-1
-1
6061
5560
9052
-1
-1
3088
8529
7254
-1
162
8588
3086
3044
-1
8173
-1
-1
-1
-1
-1
-1
-1
7209
-1
-1
-1
-1
-1
-1
5005
2635
9457
3472
-1
-1
9150
426
9717
5890
-1
-1
-1
-1
-1
-1
7152
333
3918
9916
-1
-1
8668
-1
-1
214
-1
-1
-1
-1
-1
2348
-1
-1
1327
7975
-1
-1
4259
1344
9186
-1
-1
7653
6079
-1
3077
-1
2902
-1
1877
6828
-1
-1
9397
-1
-1
9308
7491
9095
-1
7881
-1
-1
-1
8205
2591
-1
7743
7324
-1
-1
-1
-1
5603
7861
2037
1616
3122
-1
-1
-1
947
-1
8409
-1
6652
-1
7248
-1
7498
-1
-1
-1
3894
-1
6975
-1
1181
-1
6207
-1
972
-1
-1
-1
-1
-1
7097
7015
8156
5982
3051
-1
8921
5419
-1
-1
5474
2496
177
-1
1047
-1
-1
-1
-1
4715
-1
-1
8553
-1
-1
-1
-1
-1
-1
-1
-1
2581
-1
-1
-1
5925
-1
-1
8551
-1
9940
3929
3503
7270
4936
4673
5119
7526
7121
-1
-1
-1
-1
2642
-1
9648
7432
-1
-1
-1
9671
7657
-1
1205
4431
1781
-1
-1
-1
5035
1328
3227
-1
-1
-1
-1
2191
8365
3399
-1
6147
-1
9056
-1
312
3512
-1
2732
3309
271
6310
-1
-1
-1
6328
132
-1
-1
-1
8056
962
5632
7561
-1
1311
8330
1076
8388
-1
-1
6217
3840
2717
6452
-1
-1
325
-1
8930
-1
-1
7087
1153
-1
1779
478
-1
5615
-1
-1
-1
5725
-1
-1
4869
-1
5221
-1
-1
747
-1
7915
4398
-1
4888
-1
-1
2972
3967
-1
-1
2387
-1
6385
7750
7340
-1
5092
-1
-1
8704
9324
-1
-1
2415
7905
-1
-1
-1
-1
-1
8432
4893
9612
1957
9266
3199
6729
-1
-1
6127
254
6906
1619
2143
-1
-1
-1
-1
153
3841
3053
8911
-1
-1
-1
-1
3197
-1
6427
-1
1005
6631
2223
1964
-1
9687
6823
-1
4510
-1
-1
4539
9348
-1
-1
-1
1383
8870
-1
-1
-1
5429
-1
-1
-1
-1
-1
-1
2328
-1
8939
-1
-1
7142
-1
-1
3830
4487
-1
4982
8757
-1
1966
6926
7841
-1
-1
9926
911
2821
760
-1
2887
-1
-1
-1
-1
6721
-1
-1
5370
-1
8215
4037
1480
-1
-1
-1
1040
7392
301
4120
-1
8599
-1
-1
-1
5497
-1
828
8257
-1
5704
-1
-1
-1
-1
-1
-1
3321
361
6681
-1
-1
-1
2244
-1
-1
5216
9416
-1
-1
549
-1
-1
-1
-1
5614
-1
9791
-1
-1
-1
1222
-1
-1
-1
2652
3636
3206
6986
-1
8998
-1
-1
3834
5766
-1
-1
-1
1848
-1
475
4619
-1
-1
2561
-1
-1
-1
-1
-1
-1
-1
-1
937
8106
-1
4968
-1
6773
-1
-1
-1
-1
-1
1427
7850
9652
6219
-1
-1
2356
4767
-1
-1
-1
9170
3671
-1
-1
-1
1438
4974
5082
9542
-1
7830
1941
1731
7680
-1
-1
-1
5297
-1
2511
-1
2875
7787
-1
-1
-1
847
8088
4789
-1
3015
-1
-1
9620
-1
9619
2421
-1
-1
1048
5558
-1
5338
8674
2359
-1
-1
-1
1325
-1
9456
4151
4273
-1
-1
-1
9351
3885
2339
9782
-1
213
4418
-1
-1
-1
-1
5334
1251
-1
6820
5577
5144
-1
2593
-1
-1
7425
-1
912
-1
-1
-1
8057
-1
-1
-1
-1
5611
-1
-1
-1
9323
2233
-1
-1
-1
1090
-1
-1
-1
904
1679
7012
9669
9848
5582
8808
-1
1982
7950
6707
-1
-1
-1
6178
-1
5265
95
-1
-1
-1
-1
-1
-1
-1
-1
-1
3734
-1
-1
2858
3598
1258
1996
-1
4900
2980
-1
6695
-1
-1
8549
-1
-1
3973
-1
623
-1
-1
-1
-1
4212
3862
-1
-1
1426
-1
-1
6608
2919
-1
2292
6112
4104
1201
9543
1465
-1
-1
-1
-1
-1
5914
9273
-1
-1
-1
-1
5404
4401
-1
-1
-1
5177
8619
-1
3569
-1
4216
7131
6932
-1
-1
-1
5055
-1
9258
-1
241
2040
6740
-1
-1
-1
-1
8961
-1
-1
4992
2482
-1
1256
3662
-1
-1
2107
-1
4695
985
2243
-1
-1
-1
-1
8821
3006
3843
9192
507
-1
-1
4405
5287
9275
-1
-1
8697
7546
-1
-1
-1
9595
9488
7907
1278
-1
5542
-1
4075
8025
7043
2474
-1
-1
-1
9365
4876
-1
3217
-1
2742
1470
5363
-1
8575
6599
-1
-1
-1
-1
-1
8558
-1
4808
-1
6604
-1
-1
-1
9788
-1
-1
3313
7319
6291
6752
4592
-1
2936
-1
-1
-1
-1
7798
3358
-1
1491
5124
-1
2105
5235
1050
3288
5288
4
-1
-1
-1
791
-1
4973
-1
8480
9524
-1
1580
4023
9537
5601
-1
5964
-1
9672
-1
-1
-1
8504
5791
3797
88
-1
8374
552
9676
-1
9689
-1
-1
1238
443
-1
1906
3042
9665
6094
697
2332
7375
-1
7092
-1
892
-1
-1
8350
-1
7284
-1
7466
2586
-1
-1
-1
4661
-1
2055
9985
-1
1822
7794
-1
1398
-1
4991
6183
8254
-1
-1
3889
-1
-1
2265
-1
6493
2334
-1
2802
-1
3020
7305
-1
6958
-1
-1
4439
-1
-1
772
-1
8498
6658
-1
2588
8116
-1
2610
2140
3423
567
9092
6438
-1
-1
-1
-1
-1
4473
2159
1103
-1
7308
4681
7615
-1
-1
1384
4677
-1
645
-1
939
4490
1840
-1
-1
-1
1487
2788
9029
2600
-1
-1
-1
-1
3658
-1
579
-1
-1
7986
2746
3408
4542
698
-1
3600
-1
5273
-1
8495
5865
9495
5977
7582
2351
288
-1
5871
5282
655
-1
-1
-1
-1
4166
1207
-1
-1
2760
-1
-1
3688
-1
3576
-1
-1
6671
-1
-1
4497
-1
8760
1636
-1
-1
5680
-1
9686
4256
-1
2445
3333
7071
5888
1049
3881
5768
8011
1247
-1
5426
-1
8471
8925
-1
-1
-1
7711
1173
-1
-1
-1
8251
-1
-1
8997
6910
-1
-1
-1
9540
3624
-1
4979
5480
-1
942
4907
3520
1308
-1
3984
-1
2049
-1
-1
6313
-1
2503
6077
-1
2852
653
-1
1175
-1
-1
-1
7353
9858
-1
-1
-1
-1
4912
-1
8523
-1
242
-1
-1
-1
-1
-1
-1
3490
-1
-1
-1
4679
-1
-1
610
8002
-1
-1
-1
-1
-1
-1
9688
7528
-1
8718
9776
-1
8279
8651
-1
-1
1056
155
-1
-1
-1
3948
8438
1568
746
-1
8857
5277
-1
-1
-1
-1
-1
-1
-1
5353
-1
-1
9989
-1
-1
6137
-1
8383
1579
-1
-1
3775
2200
-1
7217
-1
5915
-1
2240
6730
2163
2571
5789
-1
-1
-1
6392
1993
4392
6732
1058
-1
2177
4956
2864
4411
-1
-1
-1
-1
7592
7685
-1
5421
1420
1603
-1
1299
-1
4608
-1
1024
6146
7752
-1
3572
-1
-1
-1
4628
3104
3818
-1
2837
7815
-1
5375
120
5307
9706
-1
4007
-1
-1
1739
5805
7100
7149
-1
-1
3835
-1
-1
1572
-1
8231
9693
9034
556
5329
9271
2584
-1
2748
9110
-1
5645
-1
9076
-1
7613
9417
5438
-1
2834
8979
-1
5610
2689
-1
1134
-1
-1
-1
-1
414
-1
7202
-1
5945
5747
7833
987
2388
5069
5720
857
-1
6106
-1
1093
6929
256
-1
7550
-1
-1
9352
2419
641
-1
9367
3695
-1
-1
-1
-1
105
-1
-1
4781
-1
6363
6717
-1
1282
-1
5991
5385
-1
-1
-1
-1
703
8042
-1
-1
-1
5492
-1
-1
-1
322
-1
-1
7223
-1
470
-1
6330
1263
4481
6952
3012
5630
7084
-1
2630
-1
4200
6832
-1
9899
-1
-1
670
2234
-1
883
5673
2590
-1
-1
4806
9798
-1
4575
8891
9627
-1
4278
4829
3646
8099
6677
9616
6176
4415
6893
-1
9526
-1
5125
1100
-1
6763
-1
-1
6931
18
4168
-1
-1
-1
-1
-1
-1
-1
-1
5170
-1
9159
-1
1450
8722
5870
-1
2113
2095
2298
-1
-1
-1
-1
523
1888
-1
5885
6305
2612
5040
1059
-1
-1
-1
834
-1
9613
742
3160
-1
-1
-1
3334
7362
-1
8885
-1
6970
6572
-1
-1
-1
-1
-1
-1
-1
-1
-1
-1
-1
6280
1163
943
-1
-1
7913
-1
2168
-1
-1
-1
-1
419
5212
-1
6401
-1
8512
6076
3143
5151
2743
2183
-1
3703
9179
-1
195
-1
-1
4342
7654
-1
-1
-1
3235
-1
-1
-1
-1
8132
-1
4258
2553
9113
-1
5609
-1
-1
9244
-1
-1
-1
-1
-1
-1
-1
-1
9785
9117
-1
8947
-1
2597
3544
9920
-1
6522
2831
-1
445
5258
3943
1399
5771
-1
9696
-1
-1
-1
-1
-1
2550
8600
-1
5823
-1
-1
6851
-1
-1
9731
9583
-1
6993
68
-1
2888
-1
8641
-1
-1
9473
9634
3879
-1
9431
-1
-1
-1
938
-1
979
-1
-1
4617
-1
-1
8295
-1
-1
7377
2084
-1
3829
-1
569
4242
3971
5748
4644
3528
7081
-1
-1
4335
-1
4746
-1
-1
7
-1
-1
-1
-1
860
-1
-1
203
1889
9281
1756
4684
-1
-1
263
36
-1
4634
1905
-1
-1
-1
656
3819
-1
-1
3639
6790
-1
-1
5114
-1
9508
-1
7482
4757
-1
-1
-1
-1
-1
7287
8109
33
2123
-1
3052
-1
-1
-1
298
-1
-1
-1
-1
-1
-1
-1
5342
3442
-1
-1
6920
-1
9177
9581
-1
3007
-1
3456
7920
4756
-1
-1
4666
-1
4018
-1
-1
2598
4453
2043
3866
-1
-1
-1
1092
-1
154
-1
2540
-1
3845
4185
-1
-1
-1
4369
-1
-1
8990
408
3491
6863
-1
-1
-1
-1
9702
8587
-1
8893
6007
-1
-1
-1
3247
1302
1437
-1
-1
-1
2800
8428
-1
-1
1733
1461
9053
-1
-1
3621
7355
2065
1199
205
-1
5698
3200
-1
1819
4374
-1
-1
-1
-1
-1
9573
-1
-1
-1
-1
502
-1
-1
8670
-1
-1
6041
-1
-1
6247
-1
6594
-1
7216
4370
6551
-1
3878
8752
-1
-1
-1
-1
8000
4267
4014
-1
2468
6430
5257
-1
5612
2024
-1
-1
5653
-1
-1
6131
-1
-1
-1
-1
4340
-1
-1
-1
-1
-1
3733
-1
9360
-1
-1
-1
5408
1366
-1
3056
-1
-1
4655
-1
5639
-1
7690
-1
-1
-1
5001
7219
-1
-1
4464
-1
1704
-1
-1
-1
6517
-1
-1
7637
-1
9592
-1
-1
8659
-1
9725
1668
-1
1519
6301
8185
-1
1000
-1
3586
6123
-1
1065
-1
5156
-1
5441
5581
2872
-1
1166
7250
9714
-1
-1
844
5437
-1
397
-1
4073
-1
5067
-1
-1
-1
7476
-1
144
-1
-1
-1
8155
7407
-1
2133
-1
5682
2378
-1
5872
-1
714
-1
-1
-1
-1
-1
9763
-1
721
-1
-1
-1
2146
3534
-1
9490
-1
9913
-1
-1
-1
2397
4813
5868
-1
8218
4400
-1
9875
4560
3359
-1
768
-1
-1
-1
8570
8830
9979
-1
600
4030
-1
-1
4645
224
8545
-1
5120
32
-1
-1
-1
-1
4623
4264
-1
-1
1963
-1
-1
-1
1136
239
-1
3328
-1
-1
-1
-1
-1
4787
9528
9349
7854
-1
9952
3617
6853
1112
-1
-1
8213
-1
7221
4333
-1
-1
-1
5600
-1
4680
-1
6019
-1
-1
-1
-1
-1
-1
9231
-1
4841
-1
-1
9261
963
-1
9060
9313
8983
7618
5443
1863
9570
-1
-1
-1
367
-1
6434
907
-1
-1
-1
-1
8511
-1
5675
-1
8508
8235
-1
2299
-1
-1
-1
6948
-1
6130
8841
3594
674
-1
-1
252
8271
-1
5574
3102
-1
506
2728
365
9382
-1
-1
9905
-1
-1
1758
683
-1
-1
3564
7804
-1
9211
-1
-1
-1
-1
5857
-1
-1
-1
6353
-1
-1
7218
-1
5770
7031
-1
4319
-1
3232
-1
7259
2126
-1
-1
2473
7529
9441
-1
3113
5862
-1
-1
-1
-1
6803
8193
-1
7557
-1
-1
868
9578
2443
1419
-1
-1
2009
4360
-1
5882
-1
-1
-1
-1
6683
-1
374
-1
3857
-1
-1
7814
-1
-1
2844
3630
-1
-1
4155
9680
7451
2606
2124
-1
3345
-1
-1
-1
-1
-1
8059
-1
-1
-1
-1
-1
-1
-1
-1
841
8120
-1
-1
-1
6043
3019
-1
-1
-1
-1
4949
4993
-1
-1
2085
-1
-1
-1
9141
-1
-1
-1
5093
-1
789
-1
7239
-1
4350
-1
2029
-1
-1
-1
1159
917
-1
1949
1738
-1
-1
8458
-1
5895
-1
-1
2627
-1
8400
-1
-1
-1
6627
-1
8321
5839
6458
5951
-1
7079
1971
69
4008
4479
7843
-1
6121
-1
-1
78
-1
2912
-1
-1
-1
-1
5228
9204
5493
2057
-1
-1
1073
-1
-1
8543
-1
-1
6142
-1
-1
-1
5776
6857
-1
-1
9808
4149
-1
3426
6716
-1
4556
4630
8497
236
-1
4106
7042
-1
8931
1391
8623
6766
3804
2035
1488
1972
4895
-1
-1
-1
-1
-1
-1
2439
4901
-1
4602
9904
112
-1
6356
2950
-1
6894
2948
3266
-1
-1
2543
-1
-1
-1
9771
9202
-1
-1
9167
-1
-1
-1
-1
8371
7269
-1
-1
9759
-1
-1
-1
-1
-1
-1
694
-1
3899
-1
-1
-1
-1
-1
8469
1042
-1
-1
-1
3183
5678
-1
3255
5189
-1
-1
8614
-1
1267
4138
-1
-1
-1
-1
-1
3413
-1
-1
7774
1835
-1
9503
3168
1705
-1
-1
7965
-1
-1
-1
-1
-1
9624
-1
7309
-1
6449
-1
895
-1
-1
-1
596
2344
5717
-1
-1
3815
1014
766
6232
-1
-1
8741
-1
-1
1830
-1
4359
-1
-1
8241
6708
-1
-1
-1
6788
-1
7214
5575
-1
-1
-1
-1
6228
7018
5361
9918
-1
833
-1
6335
6180
-1
6479
-1
-1
3696
8917
4642
657
-1
-1
150
-1
-1
5957
1178
-1
5499
4125
7721
9463
-1
1608
-1
-1
6091
-1
-1
-1
-1
5327
-1
5509
-1
-1
-1
128
-1
-1
4068
-1
-1
-1
6326
5758
-1
-1
2512
8223
7936
-1
-1
-1
-1
392
3381
4163
-1
-1
-1
7368
6093
9210
-1
2803
-1
52
909
-1
-1
6696
-1
-1
5015
-1
-1
-1
-1
6206
-1
9541
4508
4885
-1
4931
7799
-1
5995
7027
-1
-1
5787
8476
5505
1447
2818
-1
-1
7350
-1
3714
5278
8537
2050
8273
6979
7352
4131
2676
-1
605
-1
6396
5948
3740
-1
9576
-1
-1
9162
-1
-1
9832
-1
5863
8855
169
-1
-1
1929
-1
-1
3277
1533
9340
-1
-1
-1
1765
-1
-1
-1
-1
-1
5544
2961
2807
2506
2495
-1
-1
-1
3606
4251
9116
1147
-1
1745
-1
8
-1
-1
-1
3347
5507
-1
9115
-1
-1
-1
-1
9749
771
6709
373
-1
-1
-1
8301
3535
-1
-1
496
-1
1451
5901
-1
8766
-1
-1
-1
1673
7144
9856
-1
-1
8676
148
-1
8546
-1
3683
753
9476
-1
-1
6250
5346
6020
6322
-1
-1
-1
8224
-1
-1
9610
9016
-1
7500
1368
-1
-1
3072
5539
-1
2199
1039
1931
673
8049
-1
37
-1
7326
-1
3801
6625
7801
-1
-1
5391
-1
784
580
1215
2562
-1
-1
3786
-1
4616
709
-1
-1
320
-1
7473
7232
-1
8284
-1
8179
5799
3433
-1
8514
6589
255
-1
9518
-1
-1
-1
606
-1
-1
4742
-1
-1
2825
264
1106
-1
-1
1884
2847
5960
-1
-1
5587
-1
1986
-1
-1
4983
1037
-1
1285
5578
-1
9306
4730
5301
5852
9698
988
1394
4059
8735
2883
4345
5427
-1
9632
-1
4429
-1
8500
-1
-1
-1
-1
1841
5628
6308
-1
9501
-1
-1
6285
-1
-1
-1
-1
-1
3016
-1
-1
1576
-1
-1
-1
-1
-1
-1
1680
4843
-1
-1
-1
-1
2315
1951
-1
-1
-1
7726
3982
541
-1
-1
-1
1517
-1
-1
1089
3620
-1
6047
-1
1626
-1
2871
-1
6617
-1
-1
8695
-1
-1
9948
-1
4210
4191
-1
-1
1127
5755
-1
-1
6177
3660
3081
-1
2149
-1
-1
6390
616
-1
3394
-1
-1
142
4190
-1
-1
9902
-1
-1
4517
-1
5637
-1
6299
-1
-1
2840
-1
6876
6231
-1
-1
1389
4157
510
-1
-1
-1
-1
922
-1
-1
2639
-1
8022
-1
9311
6921
-1
3789
-1
-1
-1
4775
-1
-1
-1
-1
-1
2242
-1
7282
-1
-1
4351
-1
8294
-1
5146
5972
4911
-1
-1
-1
-1
-1
3478
1510
-1
-1
1075
8520
6086
-1
-1
2920
-1
9566
-1
-1
-1
-1
-1
4135
-1
-1
9722
1970
4177
-1
-1
6344
-1
1925
-1
6655
-1
2826
-1
-1
4934
-1
-1
3522
8070
9820
8344
6136
2949
-1
370
-1
7428
8249
5879
5325
3302
9978
6665
-1
5783
9862
5693
-1
8986
4245
8322
1915
8671
-1
7921
-1
-1
-1
631
-1
183
-1
-1
9010
-1
-1
-1
-1
-1
-1
-1
5388
-1
8089
3692
6057
9650
7665
1650
-1
-1
-1
577
-1
9390
-1
-1
-1
-1
-1
9439
2087
5930
4375
8420
204
9815
-1
8756
9205
-1
-1
-1
-1
-1
-1
-1
9180
9531
4085
5161
7768
2993
4406
-1
-1
-1
-1
5386
7977
8693
-1
9963
2253
1917
3769
-1
19
-1
1965
1610
-1
-1
1407
-1
-1
9372
-1
-1
-1
-1
-1
-1
9131
8661
-1
-1
8675
9373
-1
3920
6199
4820
-1
-1
4965
-1
-1
-1
2479
-1
7183
7640
-1
8126
-1
-1
-1
2068
-1
-1
-1
5523
3351
5735
9066
8564
-1
-1
-1
9046
6373
2180
-1
-1
4577
-1
-1
-1
-1
2643
-1
-1
6139
-1
4320
-1
358
3306
-1
-1
-1
-1
-1
282
-1
8972
4705
8649
634
8382
-1
-1
-1
-1
8740
4272
3116
-1
-1
-1
-1
-1
9670
8117
-1
7622
-1
6038
489
5435
-1
-1
-1
-1
-1
-1
-1
5746
-1
-1
-1
-1
7516
8095
8868
661
-1
-1
8360
6649
-1
-1
-1
2954
3
-1
3501
-1
-1
-1
-1
5310
-1
-1
453
3816
-1
7937
-1
-1
-1
-1
-1
-1
4475
6099
-1
-1
1664
-1
-1
-1
-1
5664
5434
6995
-1
-1
-1
1741
8550
-1
6841
9319
3466
-1
-1
1176
4519
7760
-1
-1
-1
2910
-1
7153
-1
6720
6473
-1
2026
7639
3479
-1
-1
6731
9794
7737
8395
6050
4103
677
-1
-1
-1
3653
-1
9347
-1
1239
292
5710
-1
5812
-1
430
-1
-1
-1
-1
-1
-1
3759
-1
-1
4564
1066
-1
-1
2968
-1
-1
-1
-1
9937
-1
-1
-1
-1
6588
-1
-1
836
-1
6984
1070
-1
-1
1126
-1
-1
2081
-1
5660
8427
-1
886
7792
-1
6705
249
-1
-1
-1
-1
7651
2672
-1
6505
8860
-1
347
-1
-1
-1
-1
-1
6688
-1
3941
6545
-1
-1
7378
8168
-1
-1
-1
2221
-1
3980
2252
-1
-1
5204
3169
9629
7205
-1
-1
4187
6433
8851
881
-1
-1
379
9956
9647
6323
-1
-1
5516
3892
262
2405
3909
-1
3814
-1
8976
-1
4111
-1
8527
3924
2604
5810
2167
5759
9642
-1
9084
-1
9762
-1
-1
-1
8228
6552
-1
-1
7800
9654
-1
7560
-1
-1
-1
-1
608
-1
2184
5924
8698
4124
-1
3195
5372
-1
184
1463
-1
-1
-1
-1
-1
-1
-1
3476
8274
-1
7456
-1
9243
7000
3319
-1
60
7003
-1
4140
-1
6457
-1
-1
-1
-1
8242
405
8712
4530
-1
-1
-1
780
3509
-1
-1
5549
1240
-1
-1
-1
9850
-1
-1
56
-1
-1
7480
4004
4543
-1
5180
-1
469
1529
2079
-1
8310
9598
-1
-1
-1
7017
622
-1
-1
-1
-1
-1
-1
-1
-1
-1
2362
-1
5225
-1
-1
-1
-1
9194
3295
-1
7454
-1
3950
-1
3832
4323
1631
-1
-1
-1
-1
1649
-1
-1
4224
-1
-1
-1
-1
-1
1881
4804
-1
-1
7413
-1
2202
-1
-1
-1
1052
13
-1
3346
64
-1
-1
6597
-1
-1
-1
-1
2529
3193
-1
-1
5239
-1
1774
-1
-1
7134
-1
-1
-1
908
-1
3431
-1
7234
8691
3003
9405
-1
-1
-1
4580
7525
4783
-1
-1
2267
-1
1164
2480
-1
5513
711
-1
6359
4858
6848
4523
-1
7989
-1
-1
-1
7723
-1
8003
4451
2435
-1
5519
-1
-1
-1
-1
-1
-1
527
-1
-1
5489
8134
1069
-1
8342
-1
-1
-1
-1
5389
-1
6557
-1
6786
9031
6796
7256
3294
7252
-1
360
-1
-1
-1
7793
6950
6444
-1
-1
-1
-1
-1
2727
6028
6455
1820
5608
2418
-1
-1
2718
-1
-1
-1
-1
6170
-1
-1
-1
-1
-1
-1
-1
6727
5260
-1
-1
6744
-1
8150
-1
-1
-1
-1
-1
6426
6181
-1
-1
1185
-1
-1
-1
2564
5985
-1
-1
9674
4078
3751
1526
-1
9585
517
2773
7632
-1
-1
9750
1118
-1
4955
-1
3851
6714
-1
7230
820
-1
-1
9873
2239
4624
-1
-1
8678
-1
-1
1799
7487
-1
5081
8394
9068
9909
9769
187
-1
7356
-1
1523
-1
-1
471
1412
-1
6018
7107
7397
-1
5223
-1
-1
1577
175
-1
562
-1
8055
-1
5973
-1
48
6257
481
7195
7036
1441
825
2573
-1
-1
3969
8547
-1
7587
4421
6902
7126
2165
6428
4513
-1
2375
1604
-1
1838
4518
-1
5576
-1
-1
-1
-1
4227
4020
4649
7162
3537
1171
-1
-1
-1
-1
6084
-1
-1
9845
-1
-1
2921
2437
7434
-1
-1
-1
8112
8964
-1
5522
9004
-1
-1
-1
-1
1332
-1
-1
1116
9024
7502
-1
-1
-1
7298
-1
-1
4923
1818
-1
1445
-1
-1
-1
-1
9213
-1
4461
2447
5229
2827
-1
6946
7506
8123
7979
5283
8872
-1
2173
-1
-1
9325
-1
1671
2707
-1
7635
-1
-1
-1
85
-1
436
2201
275
4899
449
2472
-1
-1
-1
8414
8638
-1
3069
8991
-1
5305
9005
410
-1
6067
-1
-1
-1
-1
-1
3578
-1
-1
-1
-1
1464
5850
-1
-1
2893
858
5949
6905
-1
-1
4599
1635
-1
-1
479
-1
-1
9184
-1
8616
-1
5602
-1
1773
-1
-1
8079
9409
5654
925
1769
-1
-1
-1
2576
-1
1716
-1
934
3955
-1
-1
-1
1658
8304
-1
725
6294
-1
-1
-1
4593
6220
-1
-1
9292
-1
-1
6915
8237
7871
-1
-1
5032
-1
-1
-1
-1
-1
8791
-1
4217
3132
3988
-1
-1
2160
4744
1374
9981
-1
8642
-1
-1
-1
-1
-1
-1
3897
-1
-1
3260
-1
2372
-1
-1
-1
7445
1772
1639
-1
-1
-1
8935
7754
3362
7363
-1
-1
-1
946
-1
-1
5804
2303
9278
8290
-1
-1
-1
829
-1
-1
-1
-1
5190
-1
8468
-1
4339
-1
-1
5968
-1
5494
-1
2321
-1
-1
-1
4316
4179
6402
-1
6466
831
1844
8501
-1
-1
-1
-1
-1
7625
-1
9392
5800
257
-1
7662
3055
3163
-1
-1
316
-1
-1
4192
-1
7417
-1
-1
-1
-1
-1
356
-1
7262
8644
6768
-1
-1
-1
-1
-1
3723
-1
-1
8899
-1
7509
-1
2850
-1
-1
-1
-1
-1
5634
4631
-1
-1
-1
1442
1358
5311
-1
1617
4244
5355
-1
9195
7954
842
7057
-1
3910
4729
9426
5300
-1
-1
-1
3449
1012
5387
3706
6295
-1
-1
-1
-1
8323
-1
5866
7898
-1
-1
-1
-1
9509
9471
-1
3975
-1
4741
-1
6643
-1
9120
1670
8063
8135
8584
2927
376
9406
3521
1978
-1
976
1879
8884
1709
4566
-1
4941
8521
5974
3922
5078
-1
648
9140
6421
-1
3322
5527
1910
1960
-1
7246
1304
-1
8882
5500
1746
-1
6087
6037
-1
8212
6400
3712
3778
-1
-1
2017
3348
-1
2314
-1
7158
8948
-1
-1
-1
-1
3912
3705
-1
5665
-1
1114
5722
-1
-1
4434
-1
-1
-1
4629
8039
-1
-1
-1
788
-1
-1
-1
-1
-1
4442
-1
-1
1137
-1
9143
3541
1346
-1
6394
8743
6056
3562
-1
-1
9691
339
5058
-1
9472
-1
8989
-1
-1
1293
-1
342
-1
-1
-1
-1
2813
3212
406
8928
1909
-1
7601
-1
-1
1573
6003
4833
-1
3154
-1
-1
-1
-1
-1
-1
640
1352
7339
7753
-1
2527
1605
6271
-1
9285
-1
-1
1808
4021
-1
3459
-1
-1
1757
-1
7226
-1
7002
5296
-1
5826
-1
6880
2270
5230
2908
8747
-1
-1
-1
-1
3167
1498
2094
9557
1493
-1
3729
-1
-1
7373
2569
-1
-1
8828
4785
-1
-1
486
-1
-1
-1
-1
8842
-1
233
8247
-1
-1
4817
-1
2959
-1
1221
-1
-1
5837
-1
4581
-1
4156
5709
-1
7951
3873
-1
1689
-1
9485
-1
-1
-1
9797
-1
-1
-1
5818
-1
7497
7751
-1
4336
838
8086
6182
874
6339
8396
-1
6107
7834
2137
-1
-1
2006
9804
5098
-1
6425
-1
-1
8806
5318
-1
-1
-1
-1
1322
-1
-1
2849
1290
8980
5764
-1
-1
-1
3916
-1
-1
7848
2535
3524
7677
8408
4638
5107
-1
7056
-1
-1
-1
-1
-1
-1
9636
-1
-1
9554
-1
2770
-1
-1
-1
-1
-1
2284
591
3827
8750
-1
-1
3698
7694
-1
6384
9558
-1
125
-1
4803
-1
-1
5929
-1
7669
1276
4367
-1
986
-1
-1
-1
-1
2227
-1
-1
5286
1534
-1
4665
2985
7747
4522
323
5085
9338
-1
-1
-1
-1
-1
-1
168
9044
555
4835
7406
7533
-1
-1
-1
-1
6797
2187
-1
-1
8060
-1
-1
-1
1462
-1
7927
6480
870
6027
-1
-1
-1
-1
-1
-1
5961
7923
9389
1717
4454
6175
117
-1
8548
4536
9964
7551
2481
-1
-1
4040
-1
5199
-1
276
3215
7568
-1
-1
-1
-1
-1
-1
3673
-1
-1
5854
827
-1
-1
8302
-1
5150
-1
-1
5906
-1
4809
-1
8263
-1
-1
-1
300
-1
804
-1
4414
2317
4607
-1
8634
1260
589
-1
1455
218
-1
3693
-1
-1
5521
-1
-1
2170
7691
4947
6610
-1
-1
2983
8309
-1
-1
8714
3202
9021
4471
5952
-1
-1
-1
-1
4377
-1
-1
2214
2984
-1
-1
9173
-1
-1
3709
5476
-1
-1
-1
7660
4700
1537
-1
-1
-1
-1
927
-1
-1
2894
-1
3201
3214
4221
2038
268
-1
-1
8090
-1
2882
-1
-1
3757
-1
8034
-1
-1
1859
824
-1
-1
-1
-1
4255
-1
-1
-1
-1
-1
-1
-1
-1
2538
-1
-1
-1
8340
-1
-1
7127
-1
-1
-1
2401
-1
-1
-1
5276
6208
-1
-1
-1
-1
7935
-1
-1
-1
-1
8724
-1
-1
4988
-1
-1
-1
-1
5106
9827
6005
1326
-1
5171
8513
7289
-1
-1
-1
7109
-1
-1
2262
571
9234
8968
7727
4002
-1
-1
9346
9977
-1
-1
-1
-1
6738
-1
6623
-1
-1
-1
-1
4743
-1
6343
3710
-1
5937
1693
-1
-1
5463
5797
-1
-1
-1
-1
-1
6151
-1
6653
1469
4293
482
9189
8952
-1
7004
3991
3979
-1
7824
4346
6460
6778
-1
1155
3194
-1
